<?xml version="1.0" encoding="utf-8"?><testsuites name="pytest tests"><testsuite name="pytest" errors="0" failures="0" skipped="0" tests="8" time="5.972" timestamp="2026-04-08T14:12:54.308564+00:00" hostname="agent-env-e279c22b-ca9e-4fdc-bbff-464731e36566"><testcase classname="backend.tests.test_nested_replies.TestNestedRepliesBackend" name="test_create_top_level_comment_has_null_parent_id" time="0.667" /><testcase classname="backend.tests.test_nested_replies.TestNestedRepliesBackend" name="test_create_reply_has_correct_parent_id" time="0.622" /><testcase classname="backend.tests.test_nested_replies.TestNestedRepliesBackend" name="test_get_comments_returns_only_top_level" time="0.701" /><testcase classname="backend.tests.test_nested_replies.TestNestedRepliesBackend" name="test_get_replies_returns_only_replies_for_comment" time="1.077" /><testcase classname="backend.tests.test_nested_replies.TestNestedRepliesBackend" name="test_replies_count_increments" time="1.296" /><testcase classname="backend.tests.test_nested_replies.TestNestedRepliesBackend" name="test_reply_to_nonexistent_comment_returns_404" time="0.411" /><testcase classname="backend.tests.test_nested_replies.TestNestedRepliesBackend" name="test_get_replies_for_nonexistent_comment" time="0.412" /><testcase classname="backend.tests.test_nested_replies.TestNestedRepliesBackend" name="test_reply_with_nickname" time="0.558" /></testsuite></testsuites>