<?xml version="1.0" encoding="utf-8"?><testsuites name="pytest tests"><testsuite name="pytest" errors="0" failures="0" skipped="0" tests="24" time="8.072" timestamp="2026-04-08T14:01:52.613348+00:00" hostname="agent-env-e279c22b-ca9e-4fdc-bbff-464731e36566"><testcase classname="tests.test_whispero_API.TestHealthAndBasicEndpoints" name="test_api_root" time="0.231" /><testcase classname="tests.test_whispero_API.TestHealthAndBasicEndpoints" name="test_online_count" time="0.148" /><testcase classname="tests.test_whispero_API.TestSessionManagement" name="test_create_session" time="0.299" /><testcase classname="tests.test_whispero_API.TestSessionManagement" name="test_session_idempotent" time="0.309" /><testcase classname="tests.test_whispero_API.TestConfessions" name="test_get_confessions" time="0.153" /><testcase classname="tests.test_whispero_API.TestConfessions" name="test_get_confessions_with_category_filter" time="0.125" /><testcase classname="tests.test_whispero_API.TestConfessions" name="test_get_confessions_trending_sort" time="0.142" /><testcase classname="tests.test_whispero_API.TestConfessions" name="test_create_confession" time="0.267" /><testcase classname="tests.test_whispero_API.TestConfessions" name="test_create_confession_with_nickname" time="0.250" /><testcase classname="tests.test_whispero_API.TestConfessions" name="test_get_single_confession" time="0.450" /><testcase classname="tests.test_whispero_API.TestConfessions" name="test_get_nonexistent_confession" time="0.195" /><testcase classname="tests.test_whispero_API.TestConfessions" name="test_create_confession_invalid_session" time="0.144" /><testcase classname="tests.test_whispero_API.TestReactions" name="test_like_confession" time="0.602" /><testcase classname="tests.test_whispero_API.TestReactions" name="test_toggle_like" time="0.686" /><testcase classname="tests.test_whispero_API.TestComments" name="test_create_comment" time="0.380" /><testcase classname="tests.test_whispero_API.TestComments" name="test_get_comments" time="0.583" /><testcase classname="tests.test_whispero_API.TestReports" name="test_create_report" time="0.514" /><testcase classname="tests.test_whispero_API.TestAdminEndpoints" name="test_admin_login" time="0.560" /><testcase classname="tests.test_whispero_API.TestAdminEndpoints" name="test_admin_login_invalid" time="0.421" /><testcase classname="tests.test_whispero_API.TestAdminEndpoints" name="test_admin_auto_login" time="0.117" /><testcase classname="tests.test_whispero_API.TestAdminEndpoints" name="test_admin_auto_login_unauthorized" time="0.125" /><testcase classname="tests.test_whispero_API.TestAdminEndpoints" name="test_admin_analytics" time="0.536" /><testcase classname="tests.test_whispero_API.TestAdminEndpoints" name="test_admin_reports_list" time="0.537" /><testcase classname="tests.test_whispero_API.TestFeaturedConfession" name="test_get_featured_confession" time="0.124" /></testsuite></testsuites>